
Log started (V22.1.1.0) Mon Aug 19 14:09:43 2024


Problem 'Integer_Program-pulp.lp' read.
Read time = 0.03 sec. (1.18 ticks)
Version identifier: 22.1.1.0 | 2022-11-28 | 9160aff4d
Tried aggregator 1 time.
MIP Presolve eliminated 384 rows and 49 columns.
Reduced MIP has 8409 rows, 11154 columns, and 41868 nonzeros.
Reduced MIP has 11154 binaries, 0 generals, 0 SOSs, and 0 indicators.
Presolve time = 0.03 sec. (29.39 ticks)
Found incumbent of value 5034.000000 after 0.09 sec. (82.46 ticks)
Probing fixed 36 vars, tightened 0 bounds.
Probing changed sense of 7866 constraints.
Probing time = 0.19 sec. (114.68 ticks)
Tried aggregator 1 time.
MIP Presolve eliminated 8161 rows and 7884 columns.
MIP Presolve modified 109 coefficients.
Reduced MIP has 248 rows, 3270 columns, and 6540 nonzeros.
Reduced MIP has 3270 binaries, 0 generals, 0 SOSs, and 0 indicators.
Presolve time = 0.01 sec. (14.32 ticks)
Tried aggregator 1 time.
Detecting symmetries...
Reduced MIP has 248 rows, 3270 columns, and 6540 nonzeros.
Reduced MIP has 3270 binaries, 0 generals, 0 SOSs, and 0 indicators.
Presolve time = 0.00 sec. (5.24 ticks)
Probing time = 0.00 sec. (3.42 ticks)
Clique table members: 248.
MIP emphasis: balance optimality and feasibility.
MIP search method: dynamic search.
Parallel mode: deterministic, using up to 20 threads.
Root relaxation solution time = 0.01 sec. (3.69 ticks)

        Nodes                                         Cuts/
   Node  Left     Objective  IInf  Best Integer    Best Bound    ItCnt     Gap

*     0+    0                         5034.0000        0.0000           100.00%
*     0+    0                         3010.0000        0.0000           100.00%
*     0+    0                         2815.0000        0.0000           100.00%
*     0+    0                         2591.0000        0.0000           100.00%
*     0+    0                         2226.0000        0.0000           100.00%
*     0+    0                         2082.0000        0.0000           100.00%
*     0     0      integral     0      813.0000      813.0000      125    0.00%
Elapsed time = 0.32 sec. (233.36 ticks, tree = 0.00 MB, solutions = 7)

Root node processing (before b&c):
  Real time             =    0.32 sec. (234.12 ticks)
Parallel b&c, 20 threads:
  Real time             =    0.00 sec. (0.00 ticks)
  Sync time (average)   =    0.00 sec.
  Wait time (average)   =    0.00 sec.
                          ------------
Total (root+branch&cut) =    0.32 sec. (234.12 ticks)

Solution pool: 7 solutions saved.

MIP - Integer optimal solution:  Objective =  8.1300000000e+02
Solution time =    0.33 sec.  Iterations = 125  Nodes = 0
Deterministic time = 234.15 ticks  (718.69 ticks/sec)

MILP problem relaxed to LP with fixed integer variables using
incumbent solution.
Version identifier: 22.1.1.0 | 2022-11-28 | 9160aff4d
Parallel mode: deterministic, using up to 20 threads for concurrent optimization:
 * Starting dual Simplex on 1 thread...
 * Starting Barrier on 18 threads...
 * Starting primal Simplex on 1 thread...
Tried aggregator 1 time.
LP Presolve eliminated 8793 rows and 11203 columns.
All rows and columns eliminated.
Presolve time = 0.00 sec. (5.10 ticks)

Dual simplex solved model.


Dual simplex - Optimal:  Objective =  8.1300000000e+02
Solution time =    0.02 sec.  Iterations = 0 (0)
Deterministic time = 8.86 ticks  (583.68 ticks/sec)


Solution written to file 'Integer_Program-pulp.sol'.

Log started (V22.1.1.0) Mon Aug 19 14:09:48 2024


Problem 'Integer_Program-pulp.lp' read.
Read time = 0.03 sec. (1.77 ticks)
Version identifier: 22.1.1.0 | 2022-11-28 | 9160aff4d
Found incumbent of value 5658.000000 after 0.00 sec. (1.84 ticks)
Tried aggregator 1 time.
MIP Presolve eliminated 1933 rows and 12883 columns.
Reduced MIP has 5732 rows, 8190 columns, and 27300 nonzeros.
Reduced MIP has 8190 binaries, 0 generals, 0 SOSs, and 0 indicators.
Presolve time = 0.02 sec. (26.41 ticks)
Probing changed sense of 5460 constraints.
Probing time = 0.14 sec. (63.45 ticks)
Tried aggregator 1 time.
MIP Presolve eliminated 5611 rows and 5460 columns.
MIP Presolve modified 91 coefficients.
Reduced MIP has 121 rows, 2730 columns, and 5460 nonzeros.
Reduced MIP has 2730 binaries, 0 generals, 0 SOSs, and 0 indicators.
Presolve time = 0.01 sec. (8.33 ticks)
Tried aggregator 1 time.
Detecting symmetries...
Reduced MIP has 121 rows, 2730 columns, and 5460 nonzeros.
Reduced MIP has 2730 binaries, 0 generals, 0 SOSs, and 0 indicators.
Presolve time = 0.00 sec. (4.55 ticks)
Probing time = 0.00 sec. (3.30 ticks)
Clique table members: 121.
MIP emphasis: balance optimality and feasibility.
MIP search method: dynamic search.
Parallel mode: deterministic, using up to 20 threads.
Root relaxation solution time = 0.01 sec. (5.59 ticks)

        Nodes                                         Cuts/
   Node  Left     Objective  IInf  Best Integer    Best Bound    ItCnt     Gap

*     0+    0                         5658.0000      813.0000            85.63%
*     0+    0                         4728.0000      813.0000            82.80%
*     0+    0                         4020.0000      813.0000            79.78%
*     0+    0                         3828.0000      813.0000            78.76%
      0     0        cutoff           3828.0000     3828.0000      201    0.00%
      0     0        cutoff           3828.0000     3828.0000      201    0.00%
Elapsed time = 0.21 sec. (128.38 ticks, tree = 0.01 MB, solutions = 4)

Root node processing (before b&c):
  Real time             =    0.21 sec. (129.41 ticks)
Parallel b&c, 20 threads:
  Real time             =    0.00 sec. (0.00 ticks)
  Sync time (average)   =    0.00 sec.
  Wait time (average)   =    0.00 sec.
                          ------------
Total (root+branch&cut) =    0.21 sec. (129.41 ticks)

Solution pool: 4 solutions saved.

MIP - Integer optimal solution:  Objective =  3.8280000000e+03
Solution time =    0.22 sec.  Iterations = 201  Nodes = 0
Deterministic time = 129.47 ticks  (600.10 ticks/sec)

MILP problem relaxed to LP with fixed integer variables using
incumbent solution.
Version identifier: 22.1.1.0 | 2022-11-28 | 9160aff4d
Parallel mode: deterministic, using up to 20 threads for concurrent optimization:
 * Starting dual Simplex on 1 thread...
 * Starting Barrier on 18 threads...
 * Starting primal Simplex on 1 thread...
Tried aggregator 1 time.
LP Presolve eliminated 7665 rows and 21073 columns.
All rows and columns eliminated.
Presolve time = 0.01 sec. (7.94 ticks)

Dual simplex solved model.


Dual simplex - Optimal:  Objective =  3.8280000000e+03
Solution time =    0.03 sec.  Iterations = 0 (0)
Deterministic time = 12.55 ticks  (428.51 ticks/sec)


Solution written to file 'Integer_Program-pulp.sol'.

Log started (V22.1.1.0) Mon Aug 19 14:10:03 2024


Problem 'Integer_Program-pulp.lp' read.
Read time = 0.11 sec. (5.15 ticks)
Version identifier: 22.1.1.0 | 2022-11-28 | 9160aff4d
Tried aggregator 1 time.
MIP Presolve eliminated 6137 rows and 33910 columns.
MIP Presolve added 2 rows and 2 columns.
Reduced MIP has 17261 rows, 23549 columns, and 88772 nonzeros.
Reduced MIP has 23548 binaries, 1 generals, 0 SOSs, and 0 indicators.
Presolve time = 0.08 sec. (85.46 ticks)
Found incumbent of value 23266.000000 after 0.23 sec. (211.01 ticks)
Probing fixed 992 vars, tightened 0 bounds.
Probing changed sense of 16272 constraints.
Probing time = 0.29 sec. (252.77 ticks)
Tried aggregator 1 time.
MIP Presolve eliminated 16797 rows and 16910 columns.
MIP Presolve modified 126 coefficients.
Reduced MIP has 464 rows, 6639 columns, and 19226 nonzeros.
Reduced MIP has 6639 binaries, 0 generals, 0 SOSs, and 0 indicators.
Presolve time = 0.03 sec. (39.80 ticks)
Tried aggregator 1 time.
Detecting symmetries...
Reduced MIP has 464 rows, 6639 columns, and 19226 nonzeros.
Reduced MIP has 6639 binaries, 0 generals, 0 SOSs, and 0 indicators.
Presolve time = 0.01 sec. (14.58 ticks)
Probing time = 0.01 sec. (4.41 ticks)
Clique table members: 374.
MIP emphasis: balance optimality and feasibility.
MIP search method: dynamic search.
Parallel mode: deterministic, using up to 20 threads.
Root relaxation solution time = 0.03 sec. (16.47 ticks)

        Nodes                                         Cuts/
   Node  Left     Objective  IInf  Best Integer    Best Bound    ItCnt     Gap

*     0+    0                        23266.0000     3828.0000            83.55%
*     0+    0                        18516.0000     3828.0000            79.33%
*     0+    0                        17374.0000     3828.0000            77.97%
*     0+    0                        16646.0000     3828.0000            77.00%
*     0+    0                        16118.0000     3828.0000            76.25%
*     0+    0                        15664.0000     3828.0000            75.56%
*     0     0      integral     0    14295.0000    14295.0000      562    0.00%
Elapsed time = 0.62 sec. (566.65 ticks, tree = 0.00 MB, solutions = 7)

Root node processing (before b&c):
  Real time             =    0.63 sec. (570.50 ticks)
Parallel b&c, 20 threads:
  Real time             =    0.00 sec. (0.00 ticks)
  Sync time (average)   =    0.00 sec.
  Wait time (average)   =    0.00 sec.
                          ------------
Total (root+branch&cut) =    0.63 sec. (570.50 ticks)

Solution pool: 7 solutions saved.

MIP - Integer optimal solution:  Objective =  1.4295000000e+04
Solution time =    0.63 sec.  Iterations = 562  Nodes = 0
Deterministic time = 570.67 ticks  (902.60 ticks/sec)

MILP problem relaxed to LP with fixed integer variables using
incumbent solution.
Version identifier: 22.1.1.0 | 2022-11-28 | 9160aff4d
Parallel mode: deterministic, using up to 20 threads for concurrent optimization:
 * Starting dual Simplex on 1 thread...
 * Starting Barrier on 18 threads...
 * Starting primal Simplex on 1 thread...
Tried aggregator 1 time.
LP Presolve eliminated 23396 rows and 57457 columns.
All rows and columns eliminated.
Presolve time = 0.02 sec. (22.55 ticks)

Dual simplex solved model.


Dual simplex - Optimal:  Objective =  1.4295000000e+04
Solution time =    0.06 sec.  Iterations = 0 (0)
Deterministic time = 35.92 ticks  (604.98 ticks/sec)


Solution written to file 'Integer_Program-pulp.sol'.

Log started (V22.1.1.0) Mon Aug 19 14:10:34 2024


Problem 'Integer_Program-pulp.lp' read.
Read time = 0.25 sec. (8.13 ticks)
Version identifier: 22.1.1.0 | 2022-11-28 | 9160aff4d
Tried aggregator 1 time.
MIP Presolve eliminated 8571 rows and 81577 columns.
MIP Presolve added 8 rows and 8 columns.
Reduced MIP has 13171 rows, 18584 columns, and 67682 nonzeros.
Reduced MIP has 18580 binaries, 4 generals, 0 SOSs, and 0 indicators.
Presolve time = 0.10 sec. (97.51 ticks)
Found incumbent of value 33979.000000 after 0.20 sec. (208.80 ticks)
Probing fixed 2129 vars, tightened 4 bounds.
Probing changed sense of 12074 constraints.
Probing time = 0.35 sec. (186.27 ticks)
Tried aggregator 1 time.
MIP Presolve eliminated 12721 rows and 13620 columns.
MIP Presolve modified 132 coefficients.
Reduced MIP has 450 rows, 4964 columns, and 14248 nonzeros.
Reduced MIP has 4964 binaries, 0 generals, 0 SOSs, and 0 indicators.
Presolve time = 0.03 sec. (24.71 ticks)
Tried aggregator 1 time.
Detecting symmetries...
Reduced MIP has 450 rows, 4964 columns, and 14248 nonzeros.
Reduced MIP has 4964 binaries, 0 generals, 0 SOSs, and 0 indicators.
Presolve time = 0.01 sec. (10.13 ticks)
Probing time = 0.01 sec. (3.94 ticks)
Clique table members: 360.
MIP emphasis: balance optimality and feasibility.
MIP search method: dynamic search.
Parallel mode: deterministic, using up to 20 threads.
Root relaxation solution time = 0.01 sec. (5.04 ticks)

        Nodes                                         Cuts/
   Node  Left     Objective  IInf  Best Integer    Best Bound    ItCnt     Gap

*     0+    0                        33979.0000    14295.0000            57.93%
*     0+    0                        27399.0000    14295.0000            47.83%
*     0+    0                        27025.0000    14295.0000            47.10%
*     0+    0                        26327.0000    14295.0000            45.70%
*     0     0      integral     0    26038.0000    26038.0000      131    0.00%
Elapsed time = 0.67 sec. (470.71 ticks, tree = 0.00 MB, solutions = 5)

Root node processing (before b&c):
  Real time             =    0.68 sec. (476.07 ticks)
Parallel b&c, 20 threads:
  Real time             =    0.00 sec. (0.00 ticks)
  Sync time (average)   =    0.00 sec.
  Wait time (average)   =    0.00 sec.
                          ------------
Total (root+branch&cut) =    0.68 sec. (476.07 ticks)

Solution pool: 5 solutions saved.

MIP - Integer optimal solution:  Objective =  2.6038000000e+04
Solution time =    0.69 sec.  Iterations = 131  Nodes = 0
Deterministic time = 476.35 ticks  (695.03 ticks/sec)

MILP problem relaxed to LP with fixed integer variables using
incumbent solution.
Version identifier: 22.1.1.0 | 2022-11-28 | 9160aff4d
Parallel mode: deterministic, using up to 20 threads for concurrent optimization:
 * Starting dual Simplex on 1 thread...
 * Starting Barrier on 18 threads...
 * Starting primal Simplex on 1 thread...
Tried aggregator 1 time.
LP Presolve eliminated 21734 rows and 100153 columns.
All rows and columns eliminated.
Presolve time = 0.04 sec. (36.28 ticks)

Dual simplex solved model.


Dual simplex - Optimal:  Objective =  2.6038000000e+04
Solution time =    0.11 sec.  Iterations = 0 (0)
Deterministic time = 54.40 ticks  (511.49 ticks/sec)


Solution written to file 'Integer_Program-pulp.sol'.

Log started (V22.1.1.0) Mon Aug 19 14:12:17 2024


Problem 'Integer_Program-pulp.lp' read.
Read time = 0.04 sec. (1.18 ticks)
Version identifier: 22.1.1.0 | 2022-11-28 | 9160aff4d
Tried aggregator 1 time.
MIP Presolve eliminated 384 rows and 49 columns.
Reduced MIP has 8409 rows, 11154 columns, and 41868 nonzeros.
Reduced MIP has 11154 binaries, 0 generals, 0 SOSs, and 0 indicators.
Presolve time = 0.04 sec. (29.39 ticks)
Found incumbent of value 5034.000000 after 0.13 sec. (82.46 ticks)
Probing fixed 36 vars, tightened 0 bounds.
Probing changed sense of 7866 constraints.
Probing time = 0.11 sec. (114.68 ticks)
Tried aggregator 1 time.
MIP Presolve eliminated 8161 rows and 7884 columns.
MIP Presolve modified 109 coefficients.
Reduced MIP has 248 rows, 3270 columns, and 6540 nonzeros.
Reduced MIP has 3270 binaries, 0 generals, 0 SOSs, and 0 indicators.
Presolve time = 0.01 sec. (14.32 ticks)
Tried aggregator 1 time.
Detecting symmetries...
Reduced MIP has 248 rows, 3270 columns, and 6540 nonzeros.
Reduced MIP has 3270 binaries, 0 generals, 0 SOSs, and 0 indicators.
Presolve time = 0.00 sec. (5.24 ticks)
Probing time = 0.00 sec. (3.42 ticks)
Clique table members: 248.
MIP emphasis: balance optimality and feasibility.
MIP search method: dynamic search.
Parallel mode: deterministic, using up to 20 threads.
Root relaxation solution time = 0.01 sec. (3.69 ticks)

        Nodes                                         Cuts/
   Node  Left     Objective  IInf  Best Integer    Best Bound    ItCnt     Gap

*     0+    0                         5034.0000        0.0000           100.00%
*     0+    0                         3010.0000        0.0000           100.00%
*     0+    0                         2815.0000        0.0000           100.00%
*     0+    0                         2591.0000        0.0000           100.00%
*     0+    0                         2226.0000        0.0000           100.00%
*     0+    0                         2082.0000        0.0000           100.00%
*     0     0      integral     0      813.0000      813.0000      125    0.00%
Elapsed time = 0.28 sec. (233.36 ticks, tree = 0.00 MB, solutions = 7)

Root node processing (before b&c):
  Real time             =    0.28 sec. (234.12 ticks)
Parallel b&c, 20 threads:
  Real time             =    0.00 sec. (0.00 ticks)
  Sync time (average)   =    0.00 sec.
  Wait time (average)   =    0.00 sec.
                          ------------
Total (root+branch&cut) =    0.28 sec. (234.12 ticks)

Solution pool: 7 solutions saved.

MIP - Integer optimal solution:  Objective =  8.1300000000e+02
Solution time =    0.28 sec.  Iterations = 125  Nodes = 0
Deterministic time = 234.15 ticks  (835.66 ticks/sec)

MILP problem relaxed to LP with fixed integer variables using
incumbent solution.
Version identifier: 22.1.1.0 | 2022-11-28 | 9160aff4d
Parallel mode: deterministic, using up to 20 threads for concurrent optimization:
 * Starting dual Simplex on 1 thread...
 * Starting Barrier on 18 threads...
 * Starting primal Simplex on 1 thread...
Tried aggregator 1 time.
LP Presolve eliminated 8793 rows and 11203 columns.
All rows and columns eliminated.
Presolve time = 0.01 sec. (5.10 ticks)

Dual simplex solved model.


Dual simplex - Optimal:  Objective =  8.1300000000e+02
Solution time =    0.02 sec.  Iterations = 0 (0)
Deterministic time = 8.86 ticks  (480.92 ticks/sec)


Solution written to file 'Integer_Program-pulp.sol'.

Log started (V22.1.1.0) Mon Aug 19 14:12:22 2024


Problem 'Integer_Program-pulp.lp' read.
Read time = 0.06 sec. (1.77 ticks)
Version identifier: 22.1.1.0 | 2022-11-28 | 9160aff4d
Found incumbent of value 5658.000000 after 0.00 sec. (1.84 ticks)
Tried aggregator 1 time.
MIP Presolve eliminated 1933 rows and 12883 columns.
Reduced MIP has 5732 rows, 8190 columns, and 27300 nonzeros.
Reduced MIP has 8190 binaries, 0 generals, 0 SOSs, and 0 indicators.
Presolve time = 0.05 sec. (26.41 ticks)
Probing changed sense of 5460 constraints.
Probing time = 0.10 sec. (63.45 ticks)
Tried aggregator 1 time.
MIP Presolve eliminated 5611 rows and 5460 columns.
MIP Presolve modified 91 coefficients.
Reduced MIP has 121 rows, 2730 columns, and 5460 nonzeros.
Reduced MIP has 2730 binaries, 0 generals, 0 SOSs, and 0 indicators.
Presolve time = 0.01 sec. (8.33 ticks)
Tried aggregator 1 time.
Detecting symmetries...
Reduced MIP has 121 rows, 2730 columns, and 5460 nonzeros.
Reduced MIP has 2730 binaries, 0 generals, 0 SOSs, and 0 indicators.
Presolve time = 0.00 sec. (4.55 ticks)
Probing time = 0.00 sec. (3.30 ticks)
Clique table members: 121.
MIP emphasis: balance optimality and feasibility.
MIP search method: dynamic search.
Parallel mode: deterministic, using up to 20 threads.
Root relaxation solution time = 0.01 sec. (5.59 ticks)

        Nodes                                         Cuts/
   Node  Left     Objective  IInf  Best Integer    Best Bound    ItCnt     Gap

*     0+    0                         5658.0000      813.0000            85.63%
*     0+    0                         4728.0000      813.0000            82.80%
*     0+    0                         4020.0000      813.0000            79.78%
*     0+    0                         3828.0000      813.0000            78.76%
      0     0        cutoff           3828.0000     3828.0000      201    0.00%
      0     0        cutoff           3828.0000     3828.0000      201    0.00%
Elapsed time = 0.20 sec. (128.38 ticks, tree = 0.01 MB, solutions = 4)

Root node processing (before b&c):
  Real time             =    0.20 sec. (129.41 ticks)
Parallel b&c, 20 threads:
  Real time             =    0.00 sec. (0.00 ticks)
  Sync time (average)   =    0.00 sec.
  Wait time (average)   =    0.00 sec.
                          ------------
Total (root+branch&cut) =    0.20 sec. (129.41 ticks)

Solution pool: 4 solutions saved.

MIP - Integer optimal solution:  Objective =  3.8280000000e+03
Solution time =    0.20 sec.  Iterations = 201  Nodes = 0
Deterministic time = 129.47 ticks  (640.90 ticks/sec)

MILP problem relaxed to LP with fixed integer variables using
incumbent solution.
Version identifier: 22.1.1.0 | 2022-11-28 | 9160aff4d
Parallel mode: deterministic, using up to 20 threads for concurrent optimization:
 * Starting dual Simplex on 1 thread...
 * Starting Barrier on 18 threads...
 * Starting primal Simplex on 1 thread...
Tried aggregator 1 time.
LP Presolve eliminated 7665 rows and 21073 columns.
All rows and columns eliminated.
Presolve time = 0.01 sec. (7.94 ticks)

Dual simplex solved model.


Dual simplex - Optimal:  Objective =  3.8280000000e+03
Solution time =    0.03 sec.  Iterations = 0 (0)
Deterministic time = 12.55 ticks  (466.70 ticks/sec)


Solution written to file 'Integer_Program-pulp.sol'.

Log started (V22.1.1.0) Mon Aug 19 14:12:35 2024


Problem 'Integer_Program-pulp.lp' read.
Read time = 0.15 sec. (5.15 ticks)
Version identifier: 22.1.1.0 | 2022-11-28 | 9160aff4d
Tried aggregator 1 time.
MIP Presolve eliminated 6137 rows and 33910 columns.
MIP Presolve added 2 rows and 2 columns.
Reduced MIP has 17261 rows, 23549 columns, and 88772 nonzeros.
Reduced MIP has 23548 binaries, 1 generals, 0 SOSs, and 0 indicators.
Presolve time = 0.09 sec. (85.46 ticks)
Found incumbent of value 23266.000000 after 0.22 sec. (211.01 ticks)
Probing fixed 992 vars, tightened 0 bounds.
Probing changed sense of 16272 constraints.
Probing time = 0.38 sec. (252.77 ticks)
Tried aggregator 1 time.
MIP Presolve eliminated 16797 rows and 16910 columns.
MIP Presolve modified 126 coefficients.
Reduced MIP has 464 rows, 6639 columns, and 19226 nonzeros.
Reduced MIP has 6639 binaries, 0 generals, 0 SOSs, and 0 indicators.
Presolve time = 0.04 sec. (39.80 ticks)
Tried aggregator 1 time.
Detecting symmetries...
Reduced MIP has 464 rows, 6639 columns, and 19226 nonzeros.
Reduced MIP has 6639 binaries, 0 generals, 0 SOSs, and 0 indicators.
Presolve time = 0.01 sec. (14.58 ticks)
Probing time = 0.01 sec. (4.41 ticks)
Clique table members: 374.
MIP emphasis: balance optimality and feasibility.
MIP search method: dynamic search.
Parallel mode: deterministic, using up to 20 threads.
Root relaxation solution time = 0.03 sec. (16.47 ticks)

        Nodes                                         Cuts/
   Node  Left     Objective  IInf  Best Integer    Best Bound    ItCnt     Gap

*     0+    0                        23266.0000     3828.0000            83.55%
*     0+    0                        18516.0000     3828.0000            79.33%
*     0+    0                        17374.0000     3828.0000            77.97%
*     0+    0                        16646.0000     3828.0000            77.00%
*     0+    0                        16118.0000     3828.0000            76.25%
*     0+    0                        15664.0000     3828.0000            75.56%
*     0     0      integral     0    14295.0000    14295.0000      562    0.00%
Elapsed time = 0.74 sec. (566.65 ticks, tree = 0.00 MB, solutions = 7)

Root node processing (before b&c):
  Real time             =    0.74 sec. (570.50 ticks)
Parallel b&c, 20 threads:
  Real time             =    0.00 sec. (0.00 ticks)
  Sync time (average)   =    0.00 sec.
  Wait time (average)   =    0.00 sec.
                          ------------
Total (root+branch&cut) =    0.74 sec. (570.50 ticks)

Solution pool: 7 solutions saved.

MIP - Integer optimal solution:  Objective =  1.4295000000e+04
Solution time =    0.75 sec.  Iterations = 562  Nodes = 0
Deterministic time = 570.67 ticks  (764.03 ticks/sec)

MILP problem relaxed to LP with fixed integer variables using
incumbent solution.
Version identifier: 22.1.1.0 | 2022-11-28 | 9160aff4d
Parallel mode: deterministic, using up to 20 threads for concurrent optimization:
 * Starting dual Simplex on 1 thread...
 * Starting Barrier on 18 threads...
 * Starting primal Simplex on 1 thread...
Tried aggregator 1 time.
LP Presolve eliminated 23396 rows and 57457 columns.
All rows and columns eliminated.
Presolve time = 0.02 sec. (22.55 ticks)

Dual simplex solved model.


Dual simplex - Optimal:  Objective =  1.4295000000e+04
Solution time =    0.06 sec.  Iterations = 0 (0)
Deterministic time = 35.92 ticks  (582.45 ticks/sec)


Solution written to file 'Integer_Program-pulp.sol'.

Log started (V22.1.1.0) Mon Aug 19 14:13:05 2024


Problem 'Integer_Program-pulp.lp' read.
Read time = 0.16 sec. (8.13 ticks)
Version identifier: 22.1.1.0 | 2022-11-28 | 9160aff4d
Tried aggregator 1 time.
MIP Presolve eliminated 8571 rows and 81577 columns.
MIP Presolve added 8 rows and 8 columns.
Reduced MIP has 13171 rows, 18584 columns, and 67682 nonzeros.
Reduced MIP has 18580 binaries, 4 generals, 0 SOSs, and 0 indicators.
Presolve time = 0.09 sec. (97.51 ticks)
Found incumbent of value 33979.000000 after 0.20 sec. (208.80 ticks)
Probing fixed 2129 vars, tightened 4 bounds.
Probing changed sense of 12074 constraints.
Probing time = 0.30 sec. (186.27 ticks)
Tried aggregator 1 time.
MIP Presolve eliminated 12721 rows and 13620 columns.
MIP Presolve modified 132 coefficients.
Reduced MIP has 450 rows, 4964 columns, and 14248 nonzeros.
Reduced MIP has 4964 binaries, 0 generals, 0 SOSs, and 0 indicators.
Presolve time = 0.02 sec. (24.71 ticks)
Tried aggregator 1 time.
Detecting symmetries...
Reduced MIP has 450 rows, 4964 columns, and 14248 nonzeros.
Reduced MIP has 4964 binaries, 0 generals, 0 SOSs, and 0 indicators.
Presolve time = 0.01 sec. (10.13 ticks)
Probing time = 0.02 sec. (3.94 ticks)
Clique table members: 360.
MIP emphasis: balance optimality and feasibility.
MIP search method: dynamic search.
Parallel mode: deterministic, using up to 20 threads.
Root relaxation solution time = 0.02 sec. (5.04 ticks)

        Nodes                                         Cuts/
   Node  Left     Objective  IInf  Best Integer    Best Bound    ItCnt     Gap

*     0+    0                        33979.0000    14295.0000            57.93%
*     0+    0                        27399.0000    14295.0000            47.83%
*     0+    0                        27025.0000    14295.0000            47.10%
*     0+    0                        26327.0000    14295.0000            45.70%
*     0     0      integral     0    26038.0000    26038.0000      131    0.00%
Elapsed time = 0.59 sec. (470.71 ticks, tree = 0.00 MB, solutions = 5)

Root node processing (before b&c):
  Real time             =    0.60 sec. (476.07 ticks)
Parallel b&c, 20 threads:
  Real time             =    0.00 sec. (0.00 ticks)
  Sync time (average)   =    0.00 sec.
  Wait time (average)   =    0.00 sec.
                          ------------
Total (root+branch&cut) =    0.60 sec. (476.07 ticks)

Solution pool: 5 solutions saved.

MIP - Integer optimal solution:  Objective =  2.6038000000e+04
Solution time =    0.60 sec.  Iterations = 131  Nodes = 0
Deterministic time = 476.35 ticks  (793.86 ticks/sec)

MILP problem relaxed to LP with fixed integer variables using
incumbent solution.
Version identifier: 22.1.1.0 | 2022-11-28 | 9160aff4d
Parallel mode: deterministic, using up to 20 threads for concurrent optimization:
 * Starting dual Simplex on 1 thread...
 * Starting Barrier on 18 threads...
 * Starting primal Simplex on 1 thread...
Tried aggregator 1 time.
LP Presolve eliminated 21734 rows and 100153 columns.
All rows and columns eliminated.
Presolve time = 0.03 sec. (36.28 ticks)

Dual simplex solved model.


Dual simplex - Optimal:  Objective =  2.6038000000e+04
Solution time =    0.08 sec.  Iterations = 0 (0)
Deterministic time = 54.40 ticks  (679.75 ticks/sec)


Solution written to file 'Integer_Program-pulp.sol'.

Log started (V22.1.1.0) Mon Aug 19 14:13:59 2024


Problem 'Integer_Program-pulp.lp' read.
Read time = 0.61 sec. (32.69 ticks)
Version identifier: 22.1.1.0 | 2022-11-28 | 9160aff4d
Tried aggregator 3 times.
MIP Presolve eliminated 17507 rows and 125508 columns.
MIP Presolve modified 209487 coefficients.
Aggregator did 107 substitutions.
Reduced MIP has 16948 rows, 20114 columns, and 472605 nonzeros.
Reduced MIP has 20114 binaries, 0 generals, 0 SOSs, and 0 indicators.
Presolve time = 0.82 sec. (1560.66 ticks)
Found incumbent of value 50466.000000 after 1.14 sec. (1989.48 ticks)
Probing fixed 3039 vars, tightened 0 bounds.
Probing changed sense of 12123 constraints.
Probing time = 0.50 sec. (350.52 ticks)
Tried aggregator 1 time.
MIP Presolve eliminated 12773 rows and 14514 columns.
MIP Presolve modified 12064 coefficients.
Reduced MIP has 4151 rows, 5600 columns, and 350318 nonzeros.
Reduced MIP has 5600 binaries, 0 generals, 0 SOSs, and 0 indicators.
Presolve time = 0.20 sec. (337.29 ticks)
Probing time = 0.04 sec. (11.75 ticks)
Tried aggregator 1 time.
Detecting symmetries...
MIP Presolve modified 212 coefficients.
Reduced MIP has 4149 rows, 5600 columns, and 350106 nonzeros.
Reduced MIP has 5600 binaries, 0 generals, 0 SOSs, and 0 indicators.
Presolve time = 0.11 sec. (157.13 ticks)
Probing time = 0.02 sec. (11.82 ticks)
Clique table members: 17650.
MIP emphasis: balance optimality and feasibility.
MIP search method: dynamic search.
Parallel mode: deterministic, using up to 20 threads.
Root relaxation solution time = 0.08 sec. (50.03 ticks)

        Nodes                                         Cuts/
   Node  Left     Objective  IInf  Best Integer    Best Bound    ItCnt     Gap

*     0+    0                        50466.0000    26110.0000            48.26%
*     0+    0                        48884.0000    26110.0000            46.59%
*     0+    0                        48248.0000    26110.0000            45.88%
*     0+    0                        47777.0000    26110.0000            45.35%
*     0+    0                        47039.0000    26110.0000            44.49%
      0     0    45338.0000    17    47039.0000    45338.0000      702    3.62%
*     0+    0                        45338.0000    45338.0000             0.00%
      0     0        cutoff          45338.0000    45338.0000      702    0.00%
Elapsed time = 2.25 sec. (3067.46 ticks, tree = 0.01 MB, solutions = 6)

Root node processing (before b&c):
  Real time             =    2.26 sec. (3076.25 ticks)
Parallel b&c, 20 threads:
  Real time             =    0.00 sec. (0.00 ticks)
  Sync time (average)   =    0.00 sec.
  Wait time (average)   =    0.00 sec.
                          ------------
Total (root+branch&cut) =    2.26 sec. (3076.25 ticks)

Solution pool: 6 solutions saved.

MIP - Integer optimal solution:  Objective =  4.5338000000e+04
Solution time =    2.27 sec.  Iterations = 702  Nodes = 0
Deterministic time = 3076.67 ticks  (1358.33 ticks/sec)

MILP problem relaxed to LP with fixed integer variables using
incumbent solution.
Version identifier: 22.1.1.0 | 2022-11-28 | 9160aff4d
Parallel mode: deterministic, using up to 20 threads for concurrent optimization:
 * Starting dual Simplex on 1 thread...
 * Starting Barrier on 18 threads...
 * Starting primal Simplex on 1 thread...
Tried aggregator 1 time.
LP Presolve eliminated 34604 rows and 145729 columns.
All rows and columns eliminated.
Presolve time = 0.08 sec. (122.58 ticks)

Dual simplex solved model.


Dual simplex - Optimal:  Objective =  4.5338000000e+04
Solution time =    0.17 sec.  Iterations = 0 (0)
Deterministic time = 167.50 ticks  (972.99 ticks/sec)


Solution written to file 'Integer_Program-pulp.sol'.

Log started (V22.1.1.0) Mon Aug 19 14:15:21 2024


Problem 'Integer_Program-pulp.lp' read.
Read time = 0.72 sec. (38.75 ticks)
Version identifier: 22.1.1.0 | 2022-11-28 | 9160aff4d
Tried aggregator 1 time.
MIP Presolve eliminated 20631 rows and 182740 columns.
MIP Presolve modified 156974 coefficients.
Reduced MIP has 13404 rows, 16355 columns, and 350892 nonzeros.
Reduced MIP has 16355 binaries, 0 generals, 0 SOSs, and 0 indicators.
Presolve time = 0.62 sec. (942.12 ticks)
Found incumbent of value 70258.000000 after 0.85 sec. (1244.70 ticks)
Probing fixed 3153 vars, tightened 0 bounds.
Probing changed sense of 9396 constraints.
Probing time = 0.47 sec. (367.62 ticks)
Tried aggregator 1 time.
MIP Presolve eliminated 10091 rows and 12301 columns.
MIP Presolve modified 8492 coefficients.
Reduced MIP has 3297 rows, 4054 columns, and 272653 nonzeros.
Reduced MIP has 4054 binaries, 0 generals, 0 SOSs, and 0 indicators.
Presolve time = 0.16 sec. (274.47 ticks)
Probing time = 0.03 sec. (11.93 ticks)
Tried aggregator 1 time.
Detecting symmetries...
Reduced MIP has 3297 rows, 4054 columns, and 272653 nonzeros.
Reduced MIP has 4054 binaries, 0 generals, 0 SOSs, and 0 indicators.
Presolve time = 0.08 sec. (131.20 ticks)
Probing time = 0.01 sec. (11.70 ticks)
Clique table members: 42924.
MIP emphasis: balance optimality and feasibility.
MIP search method: dynamic search.
Parallel mode: deterministic, using up to 20 threads.
Root relaxation solution time = 0.07 sec. (72.27 ticks)

        Nodes                                         Cuts/
   Node  Left     Objective  IInf  Best Integer    Best Bound    ItCnt     Gap

*     0+    0                        70258.0000    45338.0000            35.47%
*     0+    0                        69338.0000    45338.0000            34.61%
*     0+    0                        68986.0000    45338.0000            34.28%
*     0+    0                        68753.0000    45338.0000            34.06%
*     0+    0                        68526.0000    45338.0000            33.84%
*     0+    0                        68292.0000    45338.0000            33.61%
      0     0    66321.5000    34    68292.0000    66321.5000     1060    2.89%
*     0+    0                        66338.0000    66321.5000             0.02%
*     0+    0                        66332.0000    66321.5000             0.02%
      0     0    66325.5000    44    66332.0000       Cuts: 9     1114    0.01%

Zero-half cuts applied:  3
Gomory fractional cuts applied:  4

Root node processing (before b&c):
  Real time             =    1.95 sec. (2444.94 ticks)
Parallel b&c, 20 threads:
  Real time             =    0.00 sec. (0.00 ticks)
  Sync time (average)   =    0.00 sec.
  Wait time (average)   =    0.00 sec.
                          ------------
Total (root+branch&cut) =    1.95 sec. (2444.94 ticks)

Solution pool: 8 solutions saved.

MIP - Integer optimal, tolerance (0.0001/1e-06):  Objective =  6.6332000000e+04
Current MIP best bound =  6.6325500000e+04 (gap = 6.5, 0.01%)
Solution time =    1.95 sec.  Iterations = 1114  Nodes = 0 (1)
Deterministic time = 2445.51 ticks  (1253.81 ticks/sec)

MILP problem relaxed to LP with fixed integer variables using
incumbent solution.
Version identifier: 22.1.1.0 | 2022-11-28 | 9160aff4d
Parallel mode: deterministic, using up to 20 threads for concurrent optimization:
 * Starting dual Simplex on 1 thread...
 * Starting Barrier on 18 threads...
 * Starting primal Simplex on 1 thread...
Tried aggregator 1 time.
LP Presolve eliminated 34071 rows and 199095 columns.
All rows and columns eliminated.
Presolve time = 0.11 sec. (147.40 ticks)

Dual simplex solved model.


Dual simplex - Optimal:  Objective =  6.6332000000e+04
Solution time =    0.21 sec.  Iterations = 0 (0)
Deterministic time = 200.63 ticks  (939.82 ticks/sec)


Solution written to file 'Integer_Program-pulp.sol'.

Log started (V22.1.1.0) Mon Aug 19 14:29:34 2024


Problem 'Integer_Program-pulp.lp' read.
Read time = 0.02 sec. (1.18 ticks)
Version identifier: 22.1.1.0 | 2022-11-28 | 9160aff4d
Tried aggregator 1 time.
MIP Presolve eliminated 384 rows and 49 columns.
Reduced MIP has 8409 rows, 11154 columns, and 41868 nonzeros.
Reduced MIP has 11154 binaries, 0 generals, 0 SOSs, and 0 indicators.
Presolve time = 0.03 sec. (29.39 ticks)
Found incumbent of value 5034.000000 after 0.09 sec. (82.46 ticks)
Probing fixed 36 vars, tightened 0 bounds.
Probing changed sense of 7866 constraints.
Probing time = 0.17 sec. (114.68 ticks)
Tried aggregator 1 time.
MIP Presolve eliminated 8161 rows and 7884 columns.
MIP Presolve modified 109 coefficients.
Reduced MIP has 248 rows, 3270 columns, and 6540 nonzeros.
Reduced MIP has 3270 binaries, 0 generals, 0 SOSs, and 0 indicators.
Presolve time = 0.01 sec. (14.32 ticks)
Tried aggregator 1 time.
Detecting symmetries...
Reduced MIP has 248 rows, 3270 columns, and 6540 nonzeros.
Reduced MIP has 3270 binaries, 0 generals, 0 SOSs, and 0 indicators.
Presolve time = 0.00 sec. (5.24 ticks)
Probing time = 0.00 sec. (3.42 ticks)
Clique table members: 248.
MIP emphasis: balance optimality and feasibility.
MIP search method: dynamic search.
Parallel mode: deterministic, using up to 20 threads.
Root relaxation solution time = 0.01 sec. (3.69 ticks)

        Nodes                                         Cuts/
   Node  Left     Objective  IInf  Best Integer    Best Bound    ItCnt     Gap

*     0+    0                         5034.0000        0.0000           100.00%
*     0+    0                         3010.0000        0.0000           100.00%
*     0+    0                         2815.0000        0.0000           100.00%
*     0+    0                         2591.0000        0.0000           100.00%
*     0+    0                         2226.0000        0.0000           100.00%
*     0+    0                         2082.0000        0.0000           100.00%
*     0     0      integral     0      813.0000      813.0000      125    0.00%
Elapsed time = 0.32 sec. (233.36 ticks, tree = 0.00 MB, solutions = 7)

Root node processing (before b&c):
  Real time             =    0.32 sec. (234.12 ticks)
Parallel b&c, 20 threads:
  Real time             =    0.00 sec. (0.00 ticks)
  Sync time (average)   =    0.00 sec.
  Wait time (average)   =    0.00 sec.
                          ------------
Total (root+branch&cut) =    0.32 sec. (234.12 ticks)

Solution pool: 7 solutions saved.

MIP - Integer optimal solution:  Objective =  8.1300000000e+02
Solution time =    0.32 sec.  Iterations = 125  Nodes = 0
Deterministic time = 234.15 ticks  (723.32 ticks/sec)

MILP problem relaxed to LP with fixed integer variables using
incumbent solution.
Version identifier: 22.1.1.0 | 2022-11-28 | 9160aff4d
Parallel mode: deterministic, using up to 20 threads for concurrent optimization:
 * Starting dual Simplex on 1 thread...
 * Starting Barrier on 18 threads...
 * Starting primal Simplex on 1 thread...
Tried aggregator 1 time.
LP Presolve eliminated 8793 rows and 11203 columns.
All rows and columns eliminated.
Presolve time = 0.00 sec. (5.10 ticks)

Dual simplex solved model.


Dual simplex - Optimal:  Objective =  8.1300000000e+02
Solution time =    0.01 sec.  Iterations = 0 (0)
Deterministic time = 8.86 ticks  (804.55 ticks/sec)


Solution written to file 'Integer_Program-pulp.sol'.

Log started (V22.1.1.0) Mon Aug 19 14:29:39 2024


Problem 'Integer_Program-pulp.lp' read.
Read time = 0.06 sec. (1.77 ticks)
Version identifier: 22.1.1.0 | 2022-11-28 | 9160aff4d
Found incumbent of value 5658.000000 after 0.00 sec. (1.84 ticks)
Tried aggregator 1 time.
MIP Presolve eliminated 1933 rows and 12883 columns.
Reduced MIP has 5732 rows, 8190 columns, and 27300 nonzeros.
Reduced MIP has 8190 binaries, 0 generals, 0 SOSs, and 0 indicators.
Presolve time = 0.04 sec. (26.41 ticks)
Probing changed sense of 5460 constraints.
Probing time = 0.15 sec. (63.45 ticks)
Tried aggregator 1 time.
MIP Presolve eliminated 5611 rows and 5460 columns.
MIP Presolve modified 91 coefficients.
Reduced MIP has 121 rows, 2730 columns, and 5460 nonzeros.
Reduced MIP has 2730 binaries, 0 generals, 0 SOSs, and 0 indicators.
Presolve time = 0.01 sec. (8.33 ticks)
Tried aggregator 1 time.
Detecting symmetries...
Reduced MIP has 121 rows, 2730 columns, and 5460 nonzeros.
Reduced MIP has 2730 binaries, 0 generals, 0 SOSs, and 0 indicators.
Presolve time = 0.01 sec. (4.55 ticks)
Probing time = 0.01 sec. (3.30 ticks)
Clique table members: 121.
MIP emphasis: balance optimality and feasibility.
MIP search method: dynamic search.
Parallel mode: deterministic, using up to 20 threads.
Root relaxation solution time = 0.01 sec. (5.59 ticks)

        Nodes                                         Cuts/
   Node  Left     Objective  IInf  Best Integer    Best Bound    ItCnt     Gap

*     0+    0                         5658.0000      813.0000            85.63%
*     0+    0                         4728.0000      813.0000            82.80%
*     0+    0                         4020.0000      813.0000            79.78%
*     0+    0                         3828.0000      813.0000            78.76%
      0     0        cutoff           3828.0000     3828.0000      201    0.00%
      0     0        cutoff           3828.0000     3828.0000      201    0.00%
Elapsed time = 0.26 sec. (128.38 ticks, tree = 0.01 MB, solutions = 4)

Root node processing (before b&c):
  Real time             =    0.26 sec. (129.41 ticks)
Parallel b&c, 20 threads:
  Real time             =    0.00 sec. (0.00 ticks)
  Sync time (average)   =    0.00 sec.
  Wait time (average)   =    0.00 sec.
                          ------------
Total (root+branch&cut) =    0.26 sec. (129.41 ticks)

Solution pool: 4 solutions saved.

MIP - Integer optimal solution:  Objective =  3.8280000000e+03
Solution time =    0.26 sec.  Iterations = 201  Nodes = 0
Deterministic time = 129.47 ticks  (496.31 ticks/sec)

MILP problem relaxed to LP with fixed integer variables using
incumbent solution.
Version identifier: 22.1.1.0 | 2022-11-28 | 9160aff4d
Parallel mode: deterministic, using up to 20 threads for concurrent optimization:
 * Starting dual Simplex on 1 thread...
 * Starting Barrier on 18 threads...
 * Starting primal Simplex on 1 thread...
Tried aggregator 1 time.
LP Presolve eliminated 7665 rows and 21073 columns.
All rows and columns eliminated.
Presolve time = 0.01 sec. (7.94 ticks)

Dual simplex solved model.


Dual simplex - Optimal:  Objective =  3.8280000000e+03
Solution time =    0.03 sec.  Iterations = 0 (0)
Deterministic time = 12.55 ticks  (398.36 ticks/sec)


Solution written to file 'Integer_Program-pulp.sol'.

Log started (V22.1.1.0) Mon Aug 19 14:29:53 2024


Problem 'Integer_Program-pulp.lp' read.
Read time = 0.16 sec. (5.15 ticks)
Version identifier: 22.1.1.0 | 2022-11-28 | 9160aff4d
Tried aggregator 1 time.
MIP Presolve eliminated 6137 rows and 33910 columns.
MIP Presolve added 2 rows and 2 columns.
Reduced MIP has 17261 rows, 23549 columns, and 88772 nonzeros.
Reduced MIP has 23548 binaries, 1 generals, 0 SOSs, and 0 indicators.
Presolve time = 0.08 sec. (85.46 ticks)
Found incumbent of value 23266.000000 after 0.21 sec. (211.01 ticks)
Probing fixed 992 vars, tightened 0 bounds.
Probing changed sense of 16272 constraints.
Probing time = 0.36 sec. (252.77 ticks)
Tried aggregator 1 time.
MIP Presolve eliminated 16797 rows and 16910 columns.
MIP Presolve modified 126 coefficients.
Reduced MIP has 464 rows, 6639 columns, and 19226 nonzeros.
Reduced MIP has 6639 binaries, 0 generals, 0 SOSs, and 0 indicators.
Presolve time = 0.03 sec. (39.80 ticks)
Tried aggregator 1 time.
Detecting symmetries...
Reduced MIP has 464 rows, 6639 columns, and 19226 nonzeros.
Reduced MIP has 6639 binaries, 0 generals, 0 SOSs, and 0 indicators.
Presolve time = 0.01 sec. (14.58 ticks)
Probing time = 0.01 sec. (4.41 ticks)
Clique table members: 374.
MIP emphasis: balance optimality and feasibility.
MIP search method: dynamic search.
Parallel mode: deterministic, using up to 20 threads.
Root relaxation solution time = 0.03 sec. (16.47 ticks)

        Nodes                                         Cuts/
   Node  Left     Objective  IInf  Best Integer    Best Bound    ItCnt     Gap

*     0+    0                        23266.0000     3828.0000            83.55%
*     0+    0                        18516.0000     3828.0000            79.33%
*     0+    0                        17374.0000     3828.0000            77.97%
*     0+    0                        16646.0000     3828.0000            77.00%
*     0+    0                        16118.0000     3828.0000            76.25%
*     0+    0                        15664.0000     3828.0000            75.56%
*     0     0      integral     0    14295.0000    14295.0000      562    0.00%
Elapsed time = 0.68 sec. (566.65 ticks, tree = 0.00 MB, solutions = 7)

Root node processing (before b&c):
  Real time             =    0.68 sec. (570.50 ticks)
Parallel b&c, 20 threads:
  Real time             =    0.00 sec. (0.00 ticks)
  Sync time (average)   =    0.00 sec.
  Wait time (average)   =    0.00 sec.
                          ------------
Total (root+branch&cut) =    0.68 sec. (570.50 ticks)

Solution pool: 7 solutions saved.

MIP - Integer optimal solution:  Objective =  1.4295000000e+04
Solution time =    0.69 sec.  Iterations = 562  Nodes = 0
Deterministic time = 570.67 ticks  (831.97 ticks/sec)

MILP problem relaxed to LP with fixed integer variables using
incumbent solution.
Version identifier: 22.1.1.0 | 2022-11-28 | 9160aff4d
Parallel mode: deterministic, using up to 20 threads for concurrent optimization:
 * Starting dual Simplex on 1 thread...
 * Starting Barrier on 18 threads...
 * Starting primal Simplex on 1 thread...
Tried aggregator 1 time.
LP Presolve eliminated 23396 rows and 57457 columns.
All rows and columns eliminated.
Presolve time = 0.02 sec. (22.55 ticks)

Dual simplex solved model.


Dual simplex - Optimal:  Objective =  1.4295000000e+04
Solution time =    0.06 sec.  Iterations = 0 (0)
Deterministic time = 35.92 ticks  (630.79 ticks/sec)


Solution written to file 'Integer_Program-pulp.sol'.

Log started (V22.1.1.0) Mon Aug 19 14:30:23 2024


Problem 'Integer_Program-pulp.lp' read.
Read time = 0.22 sec. (8.13 ticks)
Version identifier: 22.1.1.0 | 2022-11-28 | 9160aff4d
Tried aggregator 1 time.
MIP Presolve eliminated 8571 rows and 81577 columns.
MIP Presolve added 8 rows and 8 columns.
Reduced MIP has 13171 rows, 18584 columns, and 67682 nonzeros.
Reduced MIP has 18580 binaries, 4 generals, 0 SOSs, and 0 indicators.
Presolve time = 0.09 sec. (97.51 ticks)
Found incumbent of value 33979.000000 after 0.19 sec. (208.80 ticks)
Probing fixed 2129 vars, tightened 4 bounds.
Probing changed sense of 12074 constraints.
Probing time = 0.30 sec. (186.27 ticks)
Tried aggregator 1 time.
MIP Presolve eliminated 12721 rows and 13620 columns.
MIP Presolve modified 132 coefficients.
Reduced MIP has 450 rows, 4964 columns, and 14248 nonzeros.
Reduced MIP has 4964 binaries, 0 generals, 0 SOSs, and 0 indicators.
Presolve time = 0.02 sec. (24.71 ticks)
Tried aggregator 1 time.
Detecting symmetries...
Reduced MIP has 450 rows, 4964 columns, and 14248 nonzeros.
Reduced MIP has 4964 binaries, 0 generals, 0 SOSs, and 0 indicators.
Presolve time = 0.01 sec. (10.13 ticks)
Probing time = 0.01 sec. (3.94 ticks)
Clique table members: 360.
MIP emphasis: balance optimality and feasibility.
MIP search method: dynamic search.
Parallel mode: deterministic, using up to 20 threads.
Root relaxation solution time = 0.01 sec. (5.04 ticks)

        Nodes                                         Cuts/
   Node  Left     Objective  IInf  Best Integer    Best Bound    ItCnt     Gap

*     0+    0                        33979.0000    14295.0000            57.93%
*     0+    0                        27399.0000    14295.0000            47.83%
*     0+    0                        27025.0000    14295.0000            47.10%
*     0+    0                        26327.0000    14295.0000            45.70%
*     0     0      integral     0    26038.0000    26038.0000      131    0.00%
Elapsed time = 0.58 sec. (470.71 ticks, tree = 0.00 MB, solutions = 5)

Root node processing (before b&c):
  Real time             =    0.59 sec. (476.07 ticks)
Parallel b&c, 20 threads:
  Real time             =    0.00 sec. (0.00 ticks)
  Sync time (average)   =    0.00 sec.
  Wait time (average)   =    0.00 sec.
                          ------------
Total (root+branch&cut) =    0.59 sec. (476.07 ticks)

Solution pool: 5 solutions saved.

MIP - Integer optimal solution:  Objective =  2.6038000000e+04
Solution time =    0.59 sec.  Iterations = 131  Nodes = 0
Deterministic time = 476.35 ticks  (804.53 ticks/sec)

MILP problem relaxed to LP with fixed integer variables using
incumbent solution.
Version identifier: 22.1.1.0 | 2022-11-28 | 9160aff4d
Parallel mode: deterministic, using up to 20 threads for concurrent optimization:
 * Starting dual Simplex on 1 thread...
 * Starting Barrier on 18 threads...
 * Starting primal Simplex on 1 thread...
Tried aggregator 1 time.
LP Presolve eliminated 21734 rows and 100153 columns.
All rows and columns eliminated.
Presolve time = 0.05 sec. (36.28 ticks)

Dual simplex solved model.


Dual simplex - Optimal:  Objective =  2.6038000000e+04
Solution time =    0.12 sec.  Iterations = 0 (0)
Deterministic time = 54.40 ticks  (450.88 ticks/sec)


Solution written to file 'Integer_Program-pulp.sol'.

Log started (V22.1.1.0) Mon Aug 19 14:31:17 2024


Problem 'Integer_Program-pulp.lp' read.
Read time = 0.61 sec. (32.69 ticks)
Version identifier: 22.1.1.0 | 2022-11-28 | 9160aff4d
Tried aggregator 3 times.
MIP Presolve eliminated 17507 rows and 125508 columns.
MIP Presolve modified 209487 coefficients.
Aggregator did 107 substitutions.
Reduced MIP has 16948 rows, 20114 columns, and 472605 nonzeros.
Reduced MIP has 20114 binaries, 0 generals, 0 SOSs, and 0 indicators.
Presolve time = 0.84 sec. (1560.66 ticks)
Found incumbent of value 50466.000000 after 1.26 sec. (1989.48 ticks)
Probing fixed 3039 vars, tightened 0 bounds.
Probing changed sense of 12123 constraints.
Probing time = 0.48 sec. (350.52 ticks)
Tried aggregator 1 time.
MIP Presolve eliminated 12773 rows and 14514 columns.
MIP Presolve modified 12064 coefficients.
Reduced MIP has 4151 rows, 5600 columns, and 350318 nonzeros.
Reduced MIP has 5600 binaries, 0 generals, 0 SOSs, and 0 indicators.
Presolve time = 0.22 sec. (337.29 ticks)
Probing time = 0.03 sec. (11.75 ticks)
Tried aggregator 1 time.
Detecting symmetries...
MIP Presolve modified 212 coefficients.
Reduced MIP has 4149 rows, 5600 columns, and 350106 nonzeros.
Reduced MIP has 5600 binaries, 0 generals, 0 SOSs, and 0 indicators.
Presolve time = 0.13 sec. (157.13 ticks)
Probing time = 0.03 sec. (11.82 ticks)
Clique table members: 17650.
MIP emphasis: balance optimality and feasibility.
MIP search method: dynamic search.
Parallel mode: deterministic, using up to 20 threads.
Root relaxation solution time = 0.07 sec. (50.03 ticks)

        Nodes                                         Cuts/
   Node  Left     Objective  IInf  Best Integer    Best Bound    ItCnt     Gap

*     0+    0                        50466.0000    26110.0000            48.26%
*     0+    0                        48884.0000    26110.0000            46.59%
*     0+    0                        48248.0000    26110.0000            45.88%
*     0+    0                        47777.0000    26110.0000            45.35%
*     0+    0                        47039.0000    26110.0000            44.49%
      0     0    45338.0000    17    47039.0000    45338.0000      702    3.62%
*     0+    0                        45338.0000    45338.0000             0.00%
      0     0        cutoff          45338.0000    45338.0000      702    0.00%
Elapsed time = 2.43 sec. (3067.46 ticks, tree = 0.01 MB, solutions = 6)

Root node processing (before b&c):
  Real time             =    2.43 sec. (3076.25 ticks)
Parallel b&c, 20 threads:
  Real time             =    0.00 sec. (0.00 ticks)
  Sync time (average)   =    0.00 sec.
  Wait time (average)   =    0.00 sec.
                          ------------
Total (root+branch&cut) =    2.43 sec. (3076.25 ticks)

Solution pool: 6 solutions saved.

MIP - Integer optimal solution:  Objective =  4.5338000000e+04
Solution time =    2.44 sec.  Iterations = 702  Nodes = 0
Deterministic time = 3076.67 ticks  (1262.23 ticks/sec)

MILP problem relaxed to LP with fixed integer variables using
incumbent solution.
Version identifier: 22.1.1.0 | 2022-11-28 | 9160aff4d
Parallel mode: deterministic, using up to 20 threads for concurrent optimization:
 * Starting dual Simplex on 1 thread...
 * Starting Barrier on 18 threads...
 * Starting primal Simplex on 1 thread...
Tried aggregator 1 time.
LP Presolve eliminated 34604 rows and 145729 columns.
All rows and columns eliminated.
Presolve time = 0.09 sec. (122.58 ticks)

Dual simplex solved model.


Dual simplex - Optimal:  Objective =  4.5338000000e+04
Solution time =    0.17 sec.  Iterations = 0 (0)
Deterministic time = 167.50 ticks  (991.97 ticks/sec)


Solution written to file 'Integer_Program-pulp.sol'.

Log started (V22.1.1.0) Mon Aug 19 14:32:39 2024


Problem 'Integer_Program-pulp.lp' read.
Read time = 0.70 sec. (38.75 ticks)
Version identifier: 22.1.1.0 | 2022-11-28 | 9160aff4d
Tried aggregator 1 time.
MIP Presolve eliminated 20631 rows and 182740 columns.
MIP Presolve modified 156974 coefficients.
Reduced MIP has 13404 rows, 16355 columns, and 350892 nonzeros.
Reduced MIP has 16355 binaries, 0 generals, 0 SOSs, and 0 indicators.
Presolve time = 0.62 sec. (942.12 ticks)
Found incumbent of value 70258.000000 after 0.86 sec. (1244.70 ticks)
Probing fixed 3153 vars, tightened 0 bounds.
Probing changed sense of 9396 constraints.
Probing time = 0.47 sec. (367.62 ticks)
Tried aggregator 1 time.
MIP Presolve eliminated 10091 rows and 12301 columns.
MIP Presolve modified 8492 coefficients.
Reduced MIP has 3297 rows, 4054 columns, and 272653 nonzeros.
Reduced MIP has 4054 binaries, 0 generals, 0 SOSs, and 0 indicators.
Presolve time = 0.16 sec. (274.47 ticks)
Probing time = 0.04 sec. (11.93 ticks)
Tried aggregator 1 time.
Detecting symmetries...
Reduced MIP has 3297 rows, 4054 columns, and 272653 nonzeros.
Reduced MIP has 4054 binaries, 0 generals, 0 SOSs, and 0 indicators.
Presolve time = 0.08 sec. (131.20 ticks)
Probing time = 0.03 sec. (11.70 ticks)
Clique table members: 42924.
MIP emphasis: balance optimality and feasibility.
MIP search method: dynamic search.
Parallel mode: deterministic, using up to 20 threads.
Root relaxation solution time = 0.11 sec. (72.27 ticks)

        Nodes                                         Cuts/
   Node  Left     Objective  IInf  Best Integer    Best Bound    ItCnt     Gap

*     0+    0                        70258.0000    45338.0000            35.47%
*     0+    0                        69338.0000    45338.0000            34.61%
*     0+    0                        68986.0000    45338.0000            34.28%
*     0+    0                        68753.0000    45338.0000            34.06%
*     0+    0                        68526.0000    45338.0000            33.84%
*     0+    0                        68292.0000    45338.0000            33.61%
      0     0    66321.5000    34    68292.0000    66321.5000     1060    2.89%
*     0+    0                        66338.0000    66321.5000             0.02%
*     0+    0                        66332.0000    66321.5000             0.02%
      0     0    66325.5000    44    66332.0000       Cuts: 9     1114    0.01%

Zero-half cuts applied:  3
Gomory fractional cuts applied:  4

Root node processing (before b&c):
  Real time             =    2.00 sec. (2444.94 ticks)
Parallel b&c, 20 threads:
  Real time             =    0.00 sec. (0.00 ticks)
  Sync time (average)   =    0.00 sec.
  Wait time (average)   =    0.00 sec.
                          ------------
Total (root+branch&cut) =    2.00 sec. (2444.94 ticks)

Solution pool: 8 solutions saved.

MIP - Integer optimal, tolerance (0.0001/1e-06):  Objective =  6.6332000000e+04
Current MIP best bound =  6.6325500000e+04 (gap = 6.5, 0.01%)
Solution time =    2.00 sec.  Iterations = 1114  Nodes = 0 (1)
Deterministic time = 2445.51 ticks  (1223.31 ticks/sec)

MILP problem relaxed to LP with fixed integer variables using
incumbent solution.
Version identifier: 22.1.1.0 | 2022-11-28 | 9160aff4d
Parallel mode: deterministic, using up to 20 threads for concurrent optimization:
 * Starting dual Simplex on 1 thread...
 * Starting Barrier on 18 threads...
 * Starting primal Simplex on 1 thread...
Tried aggregator 1 time.
LP Presolve eliminated 34071 rows and 199095 columns.
All rows and columns eliminated.
Presolve time = 0.10 sec. (147.40 ticks)

Dual simplex solved model.


Dual simplex - Optimal:  Objective =  6.6332000000e+04
Solution time =    0.26 sec.  Iterations = 0 (0)
Deterministic time = 200.63 ticks  (775.35 ticks/sec)


Solution written to file 'Integer_Program-pulp.sol'.

Log started (V22.1.1.0) Mon Aug 19 14:34:01 2024


Problem 'Integer_Program-pulp.lp' read.
Read time = 0.04 sec. (1.41 ticks)
Version identifier: 22.1.1.0 | 2022-11-28 | 9160aff4d
Tried aggregator 1 time.
MIP Presolve eliminated 293 rows and 67 columns.
Reduced MIP has 10498 rows, 13116 columns, and 49716 nonzeros.
Reduced MIP has 13116 binaries, 0 generals, 0 SOSs, and 0 indicators.
Presolve time = 0.04 sec. (34.63 ticks)
Found incumbent of value 5998.000000 after 0.12 sec. (102.12 ticks)
Probing fixed 36 vars, tightened 0 bounds.
Probing changed sense of 9833 constraints.
Probing time = 0.25 sec. (151.65 ticks)
Tried aggregator 1 time.
MIP Presolve eliminated 10250 rows and 9846 columns.
MIP Presolve modified 109 coefficients.
Reduced MIP has 248 rows, 3270 columns, and 6540 nonzeros.
Reduced MIP has 3270 binaries, 0 generals, 0 SOSs, and 0 indicators.
Presolve time = 0.01 sec. (16.23 ticks)
Tried aggregator 1 time.
Detecting symmetries...
Reduced MIP has 248 rows, 3270 columns, and 6540 nonzeros.
Reduced MIP has 3270 binaries, 0 generals, 0 SOSs, and 0 indicators.
Presolve time = 0.00 sec. (5.24 ticks)
Probing time = 0.00 sec. (3.42 ticks)
Clique table members: 248.
MIP emphasis: balance optimality and feasibility.
MIP search method: dynamic search.
Parallel mode: deterministic, using up to 20 threads.
Root relaxation solution time = 0.01 sec. (3.92 ticks)

        Nodes                                         Cuts/
   Node  Left     Objective  IInf  Best Integer    Best Bound    ItCnt     Gap

*     0+    0                         5998.0000        0.0000           100.00%
*     0+    0                         3042.0000        0.0000           100.00%
*     0+    0                         2830.0000        0.0000           100.00%
*     0+    0                         2642.0000        0.0000           100.00%
*     0+    0                         2462.0000        0.0000           100.00%
*     0+    0                         2138.0000        0.0000           100.00%
*     0     0      integral     0      966.0000      966.0000      125    0.00%
Elapsed time = 0.42 sec. (292.88 ticks, tree = 0.00 MB, solutions = 7)

Root node processing (before b&c):
  Real time             =    0.42 sec. (293.76 ticks)
Parallel b&c, 20 threads:
  Real time             =    0.00 sec. (0.00 ticks)
  Sync time (average)   =    0.00 sec.
  Wait time (average)   =    0.00 sec.
                          ------------
Total (root+branch&cut) =    0.42 sec. (293.76 ticks)

Solution pool: 7 solutions saved.

MIP - Integer optimal solution:  Objective =  9.6600000000e+02
Solution time =    0.42 sec.  Iterations = 125  Nodes = 0
Deterministic time = 293.80 ticks  (692.37 ticks/sec)

MILP problem relaxed to LP with fixed integer variables using
incumbent solution.
Version identifier: 22.1.1.0 | 2022-11-28 | 9160aff4d
Parallel mode: deterministic, using up to 20 threads for concurrent optimization:
 * Starting dual Simplex on 1 thread...
 * Starting Barrier on 18 threads...
 * Starting primal Simplex on 1 thread...
Tried aggregator 1 time.
LP Presolve eliminated 10791 rows and 13183 columns.
All rows and columns eliminated.
Presolve time = 0.01 sec. (6.07 ticks)

Dual simplex solved model.


Dual simplex - Optimal:  Objective =  9.6600000000e+02
Solution time =    0.02 sec.  Iterations = 0 (0)
Deterministic time = 10.62 ticks  (484.34 ticks/sec)


Solution written to file 'Integer_Program-pulp.sol'.

Log started (V22.1.1.0) Mon Aug 19 14:34:07 2024


Problem 'Integer_Program-pulp.lp' read.
Read time = 0.03 sec. (2.30 ticks)
Version identifier: 22.1.1.0 | 2022-11-28 | 9160aff4d
Found incumbent of value 7396.000000 after 0.00 sec. (2.35 ticks)
Tried aggregator 1 time.
MIP Presolve eliminated 2448 rows and 15433 columns.
Reduced MIP has 8583 rows, 10920 columns, and 38220 nonzeros.
Reduced MIP has 10920 binaries, 0 generals, 0 SOSs, and 0 indicators.
Presolve time = 0.03 sec. (34.99 ticks)
Probing changed sense of 8190 constraints.
Probing time = 0.19 sec. (112.23 ticks)
Tried aggregator 1 time.
MIP Presolve eliminated 8462 rows and 8190 columns.
MIP Presolve modified 91 coefficients.
Reduced MIP has 121 rows, 2730 columns, and 5460 nonzeros.
Reduced MIP has 2730 binaries, 0 generals, 0 SOSs, and 0 indicators.
Presolve time = 0.01 sec. (10.82 ticks)
Tried aggregator 1 time.
Detecting symmetries...
Reduced MIP has 121 rows, 2730 columns, and 5460 nonzeros.
Reduced MIP has 2730 binaries, 0 generals, 0 SOSs, and 0 indicators.
Presolve time = 0.00 sec. (4.55 ticks)
Probing time = 0.00 sec. (3.30 ticks)
Clique table members: 121.
MIP emphasis: balance optimality and feasibility.
MIP search method: dynamic search.
Parallel mode: deterministic, using up to 20 threads.
Root relaxation solution time = 0.01 sec. (5.59 ticks)

        Nodes                                         Cuts/
   Node  Left     Objective  IInf  Best Integer    Best Bound    ItCnt     Gap

*     0+    0                         7396.0000      966.0000            86.94%
*     0+    0                         6156.0000      966.0000            84.31%
*     0+    0                         4956.0000      966.0000            80.51%
      0     0        cutoff           4956.0000     4956.0000      201    0.00%
      0     0        cutoff           4956.0000     4956.0000      201    0.00%
Elapsed time = 0.27 sec. (191.42 ticks, tree = 0.01 MB, solutions = 3)

Root node processing (before b&c):
  Real time             =    0.27 sec. (192.53 ticks)
Parallel b&c, 20 threads:
  Real time             =    0.00 sec. (0.00 ticks)
  Sync time (average)   =    0.00 sec.
  Wait time (average)   =    0.00 sec.
                          ------------
Total (root+branch&cut) =    0.27 sec. (192.53 ticks)

Solution pool: 3 solutions saved.

MIP - Integer optimal solution:  Objective =  4.9560000000e+03
Solution time =    0.27 sec.  Iterations = 201  Nodes = 0
Deterministic time = 192.61 ticks  (703.28 ticks/sec)

MILP problem relaxed to LP with fixed integer variables using
incumbent solution.
Version identifier: 22.1.1.0 | 2022-11-28 | 9160aff4d
Parallel mode: deterministic, using up to 20 threads for concurrent optimization:
 * Starting dual Simplex on 1 thread...
 * Starting Barrier on 18 threads...
 * Starting primal Simplex on 1 thread...
Tried aggregator 1 time.
LP Presolve eliminated 11031 rows and 26353 columns.
All rows and columns eliminated.
Presolve time = 0.01 sec. (10.17 ticks)

Dual simplex solved model.


Dual simplex - Optimal:  Objective =  4.9560000000e+03
Solution time =    0.03 sec.  Iterations = 0 (0)
Deterministic time = 16.34 ticks  (653.07 ticks/sec)


Solution written to file 'Integer_Program-pulp.sol'.

Log started (V22.1.1.0) Mon Aug 19 14:34:24 2024


Problem 'Integer_Program-pulp.lp' read.
Read time = 0.15 sec. (6.30 ticks)
Version identifier: 22.1.1.0 | 2022-11-28 | 9160aff4d
Tried aggregator 1 time.
MIP Presolve eliminated 8768 rows and 43357 columns.
MIP Presolve added 2 rows and 2 columns.
Reduced MIP has 20606 rows, 26612 columns, and 101600 nonzeros.
Reduced MIP has 26611 binaries, 1 generals, 0 SOSs, and 0 indicators.
Presolve time = 0.10 sec. (99.91 ticks)
Found incumbent of value 26762.000000 after 0.25 sec. (242.92 ticks)
Probing fixed 914 vars, tightened 0 bounds.
Probing changed sense of 19729 constraints.
Probing time = 0.29 sec. (73.97 ticks)
Tried aggregator 1 time.
MIP Presolve eliminated 20324 rows and 20186 columns.
MIP Presolve modified 126 coefficients.
Reduced MIP has 282 rows, 6426 columns, and 12850 nonzeros.
Reduced MIP has 6426 binaries, 0 generals, 0 SOSs, and 0 indicators.
Presolve time = 0.02 sec. (33.09 ticks)
Tried aggregator 1 time.
Detecting symmetries...
Reduced MIP has 282 rows, 6426 columns, and 12850 nonzeros.
Reduced MIP has 6426 binaries, 0 generals, 0 SOSs, and 0 indicators.
Presolve time = 0.01 sec. (10.46 ticks)
Probing time = 0.01 sec. (4.34 ticks)
Clique table members: 282.
MIP emphasis: balance optimality and feasibility.
MIP search method: dynamic search.
Parallel mode: deterministic, using up to 20 threads.
Root relaxation solution time = 0.02 sec. (18.78 ticks)

        Nodes                                         Cuts/
   Node  Left     Objective  IInf  Best Integer    Best Bound    ItCnt     Gap

*     0+    0                        26762.0000     4956.0000            81.48%
*     0+    0                        22482.0000     4956.0000            77.96%
*     0+    0                        21638.0000     4956.0000            77.10%
*     0+    0                        21086.0000     4956.0000            76.50%
*     0+    0                        20710.0000     4956.0000            76.07%
*     0+    0                        20530.0000     4956.0000            75.86%
*     0     0      integral     0    19422.0000    19422.0000      524    0.00%
Elapsed time = 0.65 sec. (412.62 ticks, tree = 0.00 MB, solutions = 7)

Root node processing (before b&c):
  Real time             =    0.65 sec. (417.31 ticks)
Parallel b&c, 20 threads:
  Real time             =    0.00 sec. (0.00 ticks)
  Sync time (average)   =    0.00 sec.
  Wait time (average)   =    0.00 sec.
                          ------------
Total (root+branch&cut) =    0.65 sec. (417.31 ticks)

Solution pool: 7 solutions saved.

MIP - Integer optimal solution:  Objective =  1.9422000000e+04
Solution time =    0.65 sec.  Iterations = 524  Nodes = 0
Deterministic time = 417.51 ticks  (637.61 ticks/sec)

MILP problem relaxed to LP with fixed integer variables using
incumbent solution.
Version identifier: 22.1.1.0 | 2022-11-28 | 9160aff4d
Parallel mode: deterministic, using up to 20 threads for concurrent optimization:
 * Starting dual Simplex on 1 thread...
 * Starting Barrier on 18 threads...
 * Starting primal Simplex on 1 thread...
Tried aggregator 1 time.
LP Presolve eliminated 29372 rows and 69967 columns.
All rows and columns eliminated.
Presolve time = 0.03 sec. (27.53 ticks)

Dual simplex solved model.


Dual simplex - Optimal:  Objective =  1.9422000000e+04
Solution time =    0.08 sec.  Iterations = 0 (0)
Deterministic time = 44.03 ticks  (552.59 ticks/sec)


Solution written to file 'Integer_Program-pulp.sol'.

Log started (V22.1.1.0) Mon Aug 19 14:35:02 2024


Problem 'Integer_Program-pulp.lp' read.
Read time = 0.28 sec. (10.22 ticks)
Version identifier: 22.1.1.0 | 2022-11-28 | 9160aff4d
Tried aggregator 1 time.
MIP Presolve eliminated 13336 rows and 106194 columns.
MIP Presolve added 8 rows and 8 columns.
Reduced MIP has 15300 rows, 19668 columns, and 74445 nonzeros.
Reduced MIP has 19664 binaries, 4 generals, 0 SOSs, and 0 indicators.
Presolve time = 0.12 sec. (115.73 ticks)
Found incumbent of value 44718.000000 after 0.24 sec. (239.25 ticks)
Probing fixed 1188 vars, tightened 4 bounds.
Probing changed sense of 14314 constraints.
Probing time = 0.31 sec. (230.00 ticks)
Tried aggregator 1 time.
MIP Presolve eliminated 15040 rows and 15180 columns.
MIP Presolve modified 125 coefficients.
Reduced MIP has 260 rows, 4488 columns, and 8974 nonzeros.
Reduced MIP has 4488 binaries, 0 generals, 0 SOSs, and 0 indicators.
Presolve time = 0.02 sec. (24.85 ticks)
Tried aggregator 1 time.
Detecting symmetries...
MIP Presolve eliminated 5 rows and 125 columns.
Reduced MIP has 255 rows, 4363 columns, and 8722 nonzeros.
Reduced MIP has 4363 binaries, 0 generals, 0 SOSs, and 0 indicators.
Presolve time = 0.01 sec. (7.19 ticks)
Probing time = 0.00 sec. (3.68 ticks)
Clique table members: 255.
MIP emphasis: balance optimality and feasibility.
MIP search method: dynamic search.
Parallel mode: deterministic, using up to 20 threads.
Root relaxation solution time = 0.02 sec. (7.80 ticks)

        Nodes                                         Cuts/
   Node  Left     Objective  IInf  Best Integer    Best Bound    ItCnt     Gap

*     0+    0                        44078.0000    19844.0000            54.98%
*     0+    0                        40026.0000    19844.0000            50.42%
*     0+    0                        38530.0000    19844.0000            48.50%
*     0+    0                        38078.0000    19844.0000            47.89%
*     0     0      integral     0    37762.0000    37762.0000      270    0.00%
Elapsed time = 0.64 sec. (550.40 ticks, tree = 0.00 MB, solutions = 7)

Root node processing (before b&c):
  Real time             =    0.66 sec. (558.81 ticks)
Parallel b&c, 20 threads:
  Real time             =    0.00 sec. (0.00 ticks)
  Sync time (average)   =    0.00 sec.
  Wait time (average)   =    0.00 sec.
                          ------------
Total (root+branch&cut) =    0.66 sec. (558.81 ticks)

Solution pool: 7 solutions saved.

MIP - Integer optimal solution:  Objective =  3.7762000000e+04
Solution time =    0.66 sec.  Iterations = 270  Nodes = 0
Deterministic time = 559.17 ticks  (847.05 ticks/sec)

MILP problem relaxed to LP with fixed integer variables using
incumbent solution.
Version identifier: 22.1.1.0 | 2022-11-28 | 9160aff4d
Parallel mode: deterministic, using up to 20 threads for concurrent optimization:
 * Starting dual Simplex on 1 thread...
 * Starting Barrier on 18 threads...
 * Starting primal Simplex on 1 thread...
Tried aggregator 1 time.
LP Presolve eliminated 28628 rows and 125854 columns.
All rows and columns eliminated.
Presolve time = 0.04 sec. (45.60 ticks)

Dual simplex solved model.


Dual simplex - Optimal:  Objective =  3.7762000000e+04
Solution time =    0.11 sec.  Iterations = 0 (0)
Deterministic time = 68.68 ticks  (638.11 ticks/sec)


Solution written to file 'Integer_Program-pulp.sol'.

Log started (V22.1.1.0) Mon Aug 19 14:36:20 2024


Problem 'Integer_Program-pulp.lp' read.
Read time = 0.77 sec. (42.04 ticks)
Version identifier: 22.1.1.0 | 2022-11-28 | 9160aff4d
Tried aggregator 4 times.
MIP Presolve eliminated 29980 rows and 178234 columns.
MIP Presolve modified 33651 coefficients.
Aggregator did 173 substitutions.
Reduced MIP has 20522 rows, 21718 columns, and 405072 nonzeros.
Reduced MIP has 21718 binaries, 0 generals, 0 SOSs, and 0 indicators.
Presolve time = 0.72 sec. (963.53 ticks)
Found incumbent of value 76402.000000 after 1.00 sec. (1331.00 ticks)
Probing fixed 362 vars, tightened 0 bounds.
Probing changed sense of 16119 constraints.
Probing time = 0.68 sec. (419.78 ticks)
Tried aggregator 1 time.
MIP Presolve eliminated 16717 rows and 16476 columns.
MIP Presolve modified 2483 coefficients.
Reduced MIP has 3805 rows, 5242 columns, and 326039 nonzeros.
Reduced MIP has 5242 binaries, 0 generals, 0 SOSs, and 0 indicators.
Presolve time = 0.16 sec. (276.59 ticks)
Probing time = 0.06 sec. (11.98 ticks)
Tried aggregator 1 time.
Detecting symmetries...
MIP Presolve eliminated 182 rows and 94 columns.
Reduced MIP has 3623 rows, 5148 columns, and 317927 nonzeros.
Reduced MIP has 5148 binaries, 0 generals, 0 SOSs, and 0 indicators.
Presolve time = 0.11 sec. (189.92 ticks)
Probing time = 0.06 sec. (12.10 ticks)
Clique table members: 15255.
MIP emphasis: balance optimality and feasibility.
MIP search method: dynamic search.
Parallel mode: deterministic, using up to 20 threads.
Root relaxation solution time = 0.11 sec. (106.77 ticks)

        Nodes                                         Cuts/
   Node  Left     Objective  IInf  Best Integer    Best Bound    ItCnt     Gap

*     0+    0                        76346.0000    38700.0000            49.31%
*     0+    0                        75242.0000    38700.0000            48.57%
*     0+    0                        74546.0000    38700.0000            48.09%
*     0+    0                        74226.0000    38700.0000            47.86%
*     0+    0                        74050.0000    38700.0000            47.74%
*     0+    0                        73938.0000    38700.0000            47.66%
*     0+    0                        73902.0000    38700.0000            47.63%
      0     0    73742.0000    48    73902.0000    73742.0000      992    0.22%
*     0+    0                        73742.0000    73742.0000             0.00%
      0     0        cutoff          73742.0000    73742.0000      992    0.00%
Elapsed time = 2.48 sec. (2678.54 ticks, tree = 0.01 MB, solutions = 10)

Root node processing (before b&c):
  Real time             =    2.50 sec. (2695.93 ticks)
Parallel b&c, 20 threads:
  Real time             =    0.00 sec. (0.00 ticks)
  Sync time (average)   =    0.00 sec.
  Wait time (average)   =    0.00 sec.
                          ------------
Total (root+branch&cut) =    2.50 sec. (2695.93 ticks)

Solution pool: 10 solutions saved.

MIP - Integer optimal solution:  Objective =  7.3742000000e+04
Solution time =    2.50 sec.  Iterations = 992  Nodes = 0
Deterministic time = 2696.50 ticks  (1077.66 ticks/sec)

MILP problem relaxed to LP with fixed integer variables using
incumbent solution.
Version identifier: 22.1.1.0 | 2022-11-28 | 9160aff4d
Parallel mode: deterministic, using up to 20 threads for concurrent optimization:
 * Starting dual Simplex on 1 thread...
 * Starting Barrier on 18 threads...
 * Starting primal Simplex on 1 thread...
Tried aggregator 1 time.
LP Presolve eliminated 50717 rows and 200125 columns.
All rows and columns eliminated.
Presolve time = 0.11 sec. (158.73 ticks)

Dual simplex solved model.


Dual simplex - Optimal:  Objective =  7.3742000000e+04
Solution time =    0.20 sec.  Iterations = 0 (0)
Deterministic time = 218.70 ticks  (1088.18 ticks/sec)


Solution written to file 'Integer_Program-pulp.sol'.

Log started (V22.1.1.0) Mon Aug 19 14:38:44 2024


Problem 'Integer_Program-pulp.lp' read.
Read time = 1.00 sec. (59.17 ticks)
Version identifier: 22.1.1.0 | 2022-11-28 | 9160aff4d
Tried aggregator 1 time.
MIP Presolve eliminated 37416 rows and 287179 columns.
MIP Presolve modified 9468 coefficients.
Reduced MIP has 16988 rows, 19368 columns, and 336472 nonzeros.
Reduced MIP has 19368 binaries, 0 generals, 0 SOSs, and 0 indicators.
Presolve time = 0.69 sec. (737.49 ticks)
Found incumbent of value 116473.000000 after 1.10 sec. (1211.78 ticks)
Probing fixed 2430 vars, tightened 0 bounds.
Probing changed sense of 13117 constraints.
Probing time = 0.59 sec. (462.57 ticks)
Tried aggregator 1 time.
MIP Presolve eliminated 13802 rows and 15392 columns.
MIP Presolve modified 5570 coefficients.
Reduced MIP has 3174 rows, 3976 columns, and 269757 nonzeros.
Reduced MIP has 3976 binaries, 0 generals, 0 SOSs, and 0 indicators.
Presolve time = 0.16 sec. (265.74 ticks)
Probing fixed 1 vars, tightened 0 bounds.
Probing time = 0.03 sec. (13.18 ticks)
Tried aggregator 1 time.
Detecting symmetries...
MIP Presolve eliminated 2 rows and 1 columns.
Reduced MIP has 3172 rows, 3975 columns, and 269585 nonzeros.
Reduced MIP has 3975 binaries, 0 generals, 0 SOSs, and 0 indicators.
Presolve time = 0.09 sec. (150.97 ticks)
Probing fixed 3 vars, tightened 0 bounds.
Probing time = 0.06 sec. (31.03 ticks)
Clique table members: 71925.
MIP emphasis: balance optimality and feasibility.
MIP search method: dynamic search.
Parallel mode: deterministic, using up to 20 threads.
Root relaxation solution time = 0.32 sec. (393.62 ticks)

        Nodes                                         Cuts/
   Node  Left     Objective  IInf  Best Integer    Best Bound    ItCnt     Gap

*     0+    0                       116473.0000    73742.0000            36.69%
*     0+    0                       114459.0000    73742.0000            35.57%
*     0+    0                       114392.0000    73742.0000            35.54%
*     0+    0                       114350.0000    73742.0000            35.51%
*     0+    0                       114292.0000    73742.0000            35.48%
*     0+    0                       114260.0000    73742.0000            35.46%
*     0+    0                       114233.0000    73742.0000            35.45%
*     0+    0                       114211.0000    73742.0000            35.43%
*     0+    0                       114199.0000    73742.0000            35.43%
*     0+    0                       114195.0000    73742.0000            35.42%
      0     0   113578.6907   206   114195.0000   113578.6907       39    0.54%
*     0+    0                       113619.0000   113578.6907             0.04%
      0     0   113578.6972   244   113619.0000      Cuts: 25      111    0.04%
*     0+    0                       113604.0000   113578.6972             0.02%
      0     0   113579.0198   227   113604.0000      Cuts: 24      389    0.02%
*     0+    0                       113600.0000   113579.0198             0.02%
      0     0  -1.00000e+75     0   113600.0000   113579.0198      389    0.02%

Repeating presolve.
Tried aggregator 1 time.
MIP Presolve eliminated 1436 rows and 1795 columns.
MIP Presolve modified 13 coefficients.
Reduced MIP has 1736 rows, 2180 columns, and 81831 nonzeros.
Reduced MIP has 2180 binaries, 0 generals, 0 SOSs, and 0 indicators.
Presolve time = 0.02 sec. (43.00 ticks)
Probing fixed 4 vars, tightened 0 bounds.
Probing time = 0.03 sec. (37.43 ticks)
Tried aggregator 1 time.
Detecting symmetries...
MIP Presolve eliminated 4 rows and 4 columns.
MIP Presolve modified 1 coefficients.
Reduced MIP has 1732 rows, 2176 columns, and 81461 nonzeros.
Reduced MIP has 2176 binaries, 0 generals, 0 SOSs, and 0 indicators.
Presolve time = 0.03 sec. (50.15 ticks)
Represolve time = 0.26 sec. (335.45 ticks)
Probing time = 0.00 sec. (6.97 ticks)
Clique table members: 36182.
MIP emphasis: balance optimality and feasibility.
MIP search method: dynamic search.
Parallel mode: deterministic, using up to 20 threads.
Root relaxation solution time = 0.23 sec. (337.76 ticks)

        Nodes                                         Cuts/
   Node  Left     Objective  IInf  Best Integer    Best Bound    ItCnt     Gap

*     0+    0                       113600.0000   113579.0198             0.02%
      0     0   113579.0198   224   113600.0000   113579.0198      416    0.02%
*     0+    0                       113597.0000   113579.0198             0.02%
      0     0   113579.2940   254   113597.0000      Cuts: 18      533    0.02%
      0     0   113579.5233   213   113597.0000      Cuts: 15      721    0.02%
      0     0   113579.5705   241   113597.0000      Cuts: 31      869    0.02%
*     0+    0                       113595.0000   113579.5705             0.01%
      0     0  -1.00000e+75     0   113595.0000   113579.5705      869    0.01%
*     0+    0                       113587.0000   113579.5705             0.01%

Clique cuts applied:  8
Zero-half cuts applied:  5
Gomory fractional cuts applied:  4

Root node processing (before b&c):
  Real time             =    5.60 sec. (7609.38 ticks)
Parallel b&c, 20 threads:
  Real time             =    0.00 sec. (0.00 ticks)
  Sync time (average)   =    0.00 sec.
  Wait time (average)   =    0.00 sec.
                          ------------
Total (root+branch&cut) =    5.60 sec. (7609.38 ticks)

Solution pool: 16 solutions saved.

MIP - Integer optimal, tolerance (0.0001/1e-06):  Objective =  1.1358700000e+05
Current MIP best bound =  1.1357976581e+05 (gap = 7.23419, 0.01%)
Solution time =    5.60 sec.  Iterations = 869  Nodes = 0 (1)
Deterministic time = 7610.26 ticks  (1359.03 ticks/sec)

MILP problem relaxed to LP with fixed integer variables using
incumbent solution.
Version identifier: 22.1.1.0 | 2022-11-28 | 9160aff4d
Parallel mode: deterministic, using up to 20 threads for concurrent optimization:
 * Starting dual Simplex on 1 thread...
 * Starting Barrier on 18 threads...
 * Starting primal Simplex on 1 thread...
Tried aggregator 1 time.
LP Presolve eliminated 54440 rows and 306547 columns.
All rows and columns eliminated.
Presolve time = 0.17 sec. (225.31 ticks)

Dual simplex solved model.


Dual simplex - Optimal:  Objective =  1.1358700000e+05
Solution time =    0.34 sec.  Iterations = 0 (0)
Deterministic time = 307.33 ticks  (913.62 ticks/sec)


Solution written to file 'Integer_Program-pulp.sol'.
